TN:
SF:src\controllers\cardController.ts
FN:6,createCard
FN:20,getCard
FNF:2
FNH:2
FNDA:2,createCard
FNDA:4,getCard
DA:1,1
DA:2,1
DA:3,1
DA:4,1
DA:5,1
DA:6,1
DA:7,2
DA:8,2
DA:9,2
DA:10,1
DA:11,1
DA:12,1
DA:13,1
DA:14,1
DA:15,1
DA:16,1
DA:17,1
DA:18,2
DA:19,1
DA:20,1
DA:21,4
DA:22,4
DA:23,4
DA:24,4
DA:25,4
DA:26,4
DA:27,4
DA:28,4
DA:29,1
DA:30,1
DA:31,1
DA:32,1
DA:33,4
DA:34,1
DA:35,1
DA:36,1
LF:36
LH:36
BRDA:6,0,0,2
BRDA:10,1,0,1
BRDA:20,2,0,4
BRDA:26,3,0,3
BRDA:26,4,0,2
BRDA:26,5,0,1
BRDA:28,6,0,1
BRF:7
BRH:7
end_of_record
TN:
SF:src\services\cardService.ts
FN:10,createCard
FN:27,getCard
FNF:2
FNH:0
FNDA:0,createCard
FNDA:0,getCard
DA:1,1
DA:2,1
DA:3,1
DA:4,1
DA:5,1
DA:6,1
DA:7,1
DA:8,1
DA:9,1
DA:10,1
DA:11,0
DA:12,0
DA:13,0
DA:14,0
DA:15,0
DA:16,0
DA:17,0
DA:18,0
DA:19,0
DA:20,0
DA:21,0
DA:22,0
DA:23,0
DA:24,0
DA:25,0
DA:26,1
DA:27,1
DA:28,0
DA:29,0
DA:30,0
DA:31,0
DA:32,0
DA:33,0
DA:34,0
DA:35,0
DA:36,0
DA:37,0
DA:38,0
DA:39,0
DA:40,0
DA:41,0
DA:42,0
DA:43,0
DA:44,0
DA:45,0
DA:46,0
DA:47,0
DA:48,0
DA:49,1
DA:50,1
DA:51,1
LF:51
LH:15
BRF:0
BRH:0
end_of_record
TN:
SF:src\utils\error.handle.ts
FN:3,handleHttp500
FN:8,handleHttp404
FN:13,handleHttp401
FNF:3
FNH:3
FNDA:1,handleHttp500
FNDA:1,handleHttp404
FNDA:1,handleHttp401
DA:1,1
DA:2,1
DA:3,1
DA:4,1
DA:5,1
DA:6,1
DA:7,1
DA:8,1
DA:9,1
DA:10,1
DA:11,1
DA:12,1
DA:13,1
DA:14,1
DA:15,1
DA:16,1
DA:17,1
LF:17
LH:17
BRDA:3,0,0,1
BRDA:8,1,0,1
BRDA:13,2,0,1
BRF:3
BRH:3
end_of_record
TN:
SF:src\utils\jwt.handle.ts
FN:7,generateToken
FN:16,verifyToken
FNF:2
FNH:2
FNDA:2,generateToken
FNDA:1,verifyToken
DA:1,1
DA:2,1
DA:3,1
DA:4,1
DA:5,1
DA:6,1
DA:7,1
DA:8,2
DA:9,2
DA:10,2
DA:11,2
DA:12,2
DA:13,2
DA:14,2
DA:15,1
DA:16,1
DA:17,1
DA:18,1
DA:19,1
DA:20,1
DA:21,1
LF:21
LH:21
BRDA:7,0,0,2
BRDA:8,1,0,0
BRDA:16,2,0,1
BRF:3
BRH:2
end_of_record
